c:\users\pachu\desktop\mapeditor\mapeditor\x64\debug\vc140.pdb
c:\users\pachu\desktop\mapeditor\mapeditor\x64\debug\vc140.idb
c:\users\pachu\desktop\mapeditor\mapeditor\x64\debug\imgui.obj
c:\users\pachu\desktop\mapeditor\mapeditor\x64\debug\imgui_demo.obj
c:\users\pachu\desktop\mapeditor\mapeditor\x64\debug\imgui_draw.obj
c:\users\pachu\desktop\mapeditor\mapeditor\x64\debug\zone.obj
c:\users\pachu\desktop\mapeditor\mapeditor\x64\debug\imgui_impl_sdl_gl3.obj
c:\users\pachu\desktop\mapeditor\mapeditor\x64\debug\framework.obj
c:\users\pachu\desktop\mapeditor\mapeditor\x64\debug\window.obj
c:\users\pachu\desktop\mapeditor\mapeditor\x64\debug\camera.obj
c:\users\pachu\desktop\mapeditor\mapeditor\x64\debug\mesh.obj
c:\users\pachu\desktop\mapeditor\mapeditor\x64\debug\shader.obj
c:\users\pachu\desktop\mapeditor\mapeditor\x64\debug\texture.obj
c:\users\pachu\desktop\mapeditor\mapeditor\x64\debug\utils.obj
c:\users\pachu\desktop\mapeditor\mapeditor\x64\debug\main.obj
c:\users\pachu\desktop\mapeditor\x64\debug\mapeditor.pdb
c:\users\pachu\desktop\mapeditor\mapeditor\x64\debug\mapeditor.tlog\cl.command.1.tlog
c:\users\pachu\desktop\mapeditor\mapeditor\x64\debug\mapeditor.tlog\cl.read.1.tlog
c:\users\pachu\desktop\mapeditor\mapeditor\x64\debug\mapeditor.tlog\cl.write.1.tlog
c:\users\pachu\desktop\mapeditor\mapeditor\x64\debug\mapeditor.tlog\link-cvtres.read.1.tlog
c:\users\pachu\desktop\mapeditor\mapeditor\x64\debug\mapeditor.tlog\link-cvtres.write.1.tlog
c:\users\pachu\desktop\mapeditor\mapeditor\x64\debug\mapeditor.tlog\link-rc.read.1.tlog
c:\users\pachu\desktop\mapeditor\mapeditor\x64\debug\mapeditor.tlog\link-rc.write.1.tlog
c:\users\pachu\desktop\mapeditor\mapeditor\x64\debug\mapeditor.tlog\link.command.1.tlog
c:\users\pachu\desktop\mapeditor\mapeditor\x64\debug\mapeditor.tlog\link.read.1.tlog
c:\users\pachu\desktop\mapeditor\mapeditor\x64\debug\mapeditor.tlog\link.write.1.tlog
