c:\users\pachu\desktop\mapeditor\mapeditor\x64\release\vc140.pdb
c:\users\pachu\desktop\mapeditor\mapeditor\x64\release\zone.obj
c:\users\pachu\desktop\mapeditor\mapeditor\x64\release\window.obj
c:\users\pachu\desktop\mapeditor\mapeditor\x64\release\utils.obj
c:\users\pachu\desktop\mapeditor\mapeditor\x64\release\texture.obj
c:\users\pachu\desktop\mapeditor\mapeditor\x64\release\shader.obj
c:\users\pachu\desktop\mapeditor\mapeditor\x64\release\mesh.obj
c:\users\pachu\desktop\mapeditor\mapeditor\x64\release\main.obj
c:\users\pachu\desktop\mapeditor\mapeditor\x64\release\imgui_impl_sdl_gl3.obj
c:\users\pachu\desktop\mapeditor\mapeditor\x64\release\imgui_draw.obj
c:\users\pachu\desktop\mapeditor\mapeditor\x64\release\imgui_demo.obj
c:\users\pachu\desktop\mapeditor\mapeditor\x64\release\imgui.obj
c:\users\pachu\desktop\mapeditor\mapeditor\x64\release\framework.obj
c:\users\pachu\desktop\mapeditor\mapeditor\x64\release\camera.obj
c:\users\pachu\desktop\mapeditor\mapeditor\x64\release\editor.obj
c:\users\pachu\desktop\mapeditor\mapeditor\x64\release\tile.obj
c:\users\pachu\desktop\mapeditor\mapeditor\x64\release\gamemap.obj
c:\users\pachu\desktop\mapeditor\mapeditor\x64\release\texturemanager.obj
c:\users\pachu\desktop\mapeditor\x64\release\mapeditor.exe
c:\users\pachu\desktop\mapeditor\x64\release\mapeditor.ipdb
c:\users\pachu\desktop\mapeditor\x64\release\mapeditor.iobj
c:\users\pachu\desktop\mapeditor\x64\release\mapeditor.pdb
c:\users\pachu\desktop\mapeditor\mapeditor\x64\release\mapeditor.tlog\cl.command.1.tlog
c:\users\pachu\desktop\mapeditor\mapeditor\x64\release\mapeditor.tlog\cl.read.1.tlog
c:\users\pachu\desktop\mapeditor\mapeditor\x64\release\mapeditor.tlog\cl.write.1.tlog
c:\users\pachu\desktop\mapeditor\mapeditor\x64\release\mapeditor.tlog\link.command.1.tlog
c:\users\pachu\desktop\mapeditor\mapeditor\x64\release\mapeditor.tlog\link.read.1.tlog
c:\users\pachu\desktop\mapeditor\mapeditor\x64\release\mapeditor.tlog\link.write.1.tlog
