  Window.cpp
c:\users\pachu\desktop\mapeditor\src\window.cpp(6): fatal error C1083: Cannot open include file: 'Window.h': No such file or directory
  utils.cpp
c:\users\pachu\desktop\mapeditor\src\utils.cpp(6): fatal error C1083: Cannot open include file: 'utils.h': No such file or directory
  Tile.cpp
c:\users\pachu\desktop\mapeditor\src\tile.cpp(6): fatal error C1083: Cannot open include file: 'Tile.h': No such file or directory
  TextureManager.cpp
c:\users\pachu\desktop\mapeditor\src\texturemanager.cpp(6): fatal error C1083: Cannot open include file: 'TextureManager.h': No such file or directory
  Texture.cpp
c:\users\pachu\desktop\mapeditor\src\texture.cpp(6): fatal error C1083: Cannot open include file: 'texture.h': No such file or directory
  Shader.cpp
c:\users\pachu\desktop\mapeditor\src\shader.cpp(5): fatal error C1083: Cannot open include file: 'shader.h': No such file or directory
  Mesh.cpp
c:\users\pachu\desktop\mapeditor\src\mesh.cpp(6): fatal error C1083: Cannot open include file: 'mesh.h': No such file or directory
  main.cpp
c:\users\pachu\desktop\mapeditor\src\main.cpp(6): fatal error C1083: Cannot open include file: 'Window.h': No such file or directory
  imgui_impl_sdl_gl3.cpp
c:\users\pachu\desktop\mapeditor\src\imgui_impl_sdl_gl3.cpp(9): fatal error C1083: Cannot open include file: 'imgui.h': No such file or directory
  imgui_draw.cpp
c:\users\pachu\desktop\mapeditor\src\imgui_draw.cpp(15): fatal error C1083: Cannot open include file: 'imgui.h': No such file or directory
  imgui_demo.cpp
c:\users\pachu\desktop\mapeditor\src\imgui_demo.cpp(12): fatal error C1083: Cannot open include file: 'imgui.h': No such file or directory
  imgui.cpp
c:\users\pachu\desktop\mapeditor\src\imgui.cpp(602): fatal error C1083: Cannot open include file: 'imgui.h': No such file or directory
  GameMap.cpp
c:\users\pachu\desktop\mapeditor\src\gamemap.cpp(6): fatal error C1083: Cannot open include file: 'GameMap.h': No such file or directory
  Editor.cpp
c:\users\pachu\desktop\mapeditor\src\editor.cpp(6): fatal error C1083: Cannot open include file: 'Editor.h': No such file or directory
  Camera.cpp
c:\users\pachu\desktop\mapeditor\src\camera.cpp(6): fatal error C1083: Cannot open include file: 'camera.h': No such file or directory
  Generating Code...
